  Source.cpp
E:\SFML Games\2D-Zombies\ZOMBIEGAMEe\ZombieGame\ZOMBIEGAMEe\Source.cpp(118,84): warning C4244: 'argument': conversion from 'float' to 'sf::Uint8', possible loss of data
E:\SFML Games\2D-Zombies\ZOMBIEGAMEe\ZombieGame\ZOMBIEGAMEe\Source.cpp(326,38): warning C4244: '-=': conversion from 'float' to 'int', possible loss of data
E:\SFML Games\2D-Zombies\ZOMBIEGAMEe\ZombieGame\ZOMBIEGAMEe\Source.cpp(792,72): warning C4244: 'argument': conversion from 'T' to 'T', possible loss of data
          with
          [
              T=unsigned int
          ]
          and
          [
              T=float
          ]
E:\SFML Games\2D-Zombies\ZOMBIEGAMEe\ZombieGame\ZOMBIEGAMEe\Source.cpp(792,52): warning C4244: 'argument': conversion from 'T' to 'T', possible loss of data
          with
          [
              T=unsigned int
          ]
          and
          [
              T=float
          ]
E:\SFML Games\2D-Zombies\ZOMBIEGAMEe\ZombieGame\ZOMBIEGAMEe\Source.cpp(811,19): warning C4305: 'argument': truncation from 'double' to 'float'
E:\SFML Games\2D-Zombies\ZOMBIEGAMEe\ZombieGame\ZOMBIEGAMEe\Source.cpp(958,32): warning C4305: 'argument': truncation from 'double' to 'float'
E:\SFML Games\2D-Zombies\ZOMBIEGAMEe\ZombieGame\ZOMBIEGAMEe\Source.cpp(985,40): warning C4305: 'argument': truncation from 'double' to 'float'
E:\SFML Games\2D-Zombies\ZOMBIEGAMEe\ZombieGame\ZOMBIEGAMEe\Source.cpp(1008,36): warning C4305: 'argument': truncation from 'double' to 'float'
E:\SFML Games\2D-Zombies\ZOMBIEGAMEe\ZombieGame\ZOMBIEGAMEe\Source.cpp(1010,35): warning C4305: 'argument': truncation from 'double' to 'float'
E:\SFML Games\2D-Zombies\ZOMBIEGAMEe\ZombieGame\ZOMBIEGAMEe\Source.cpp(1038,49): warning C4390: ';': empty controlled statement found; is this the intent?
E:\SFML Games\2D-Zombies\ZOMBIEGAMEe\ZombieGame\ZOMBIEGAMEe\Source.cpp(1388,28): warning C4305: '=': truncation from 'double' to 'float'
E:\SFML Games\2D-Zombies\ZOMBIEGAMEe\ZombieGame\ZOMBIEGAMEe\Source.cpp(1443,20): warning C4244: 'initializing': conversion from 'double' to 'float', possible loss of data
E:\SFML Games\2D-Zombies\ZOMBIEGAMEe\ZombieGame\ZOMBIEGAMEe\Source.cpp(1464,40): warning C4244: '-=': conversion from 'float' to 'int', possible loss of data
E:\SFML Games\2D-Zombies\ZOMBIEGAMEe\ZombieGame\ZOMBIEGAMEe\Source.cpp(1577,44): warning C4305: '=': truncation from 'double' to 'float'
E:\SFML Games\2D-Zombies\ZOMBIEGAMEe\ZombieGame\ZOMBIEGAMEe\Source.cpp(1616,28): warning C4244: '=': conversion from 'unsigned __int64' to 'int', possible loss of data
E:\SFML Games\2D-Zombies\ZOMBIEGAMEe\ZombieGame\ZOMBIEGAMEe\Source.cpp(1711,48): warning C4244: '-=': conversion from 'float' to 'int', possible loss of data
E:\SFML Games\2D-Zombies\ZOMBIEGAMEe\ZombieGame\ZOMBIEGAMEe\Source.cpp(1722,122): warning C4244: 'argument': conversion from 'double' to 'float', possible loss of data
E:\SFML Games\2D-Zombies\ZOMBIEGAMEe\ZombieGame\ZOMBIEGAMEe\Source.cpp(1722,77): warning C4244: 'argument': conversion from 'double' to 'float', possible loss of data
E:\SFML Games\2D-Zombies\ZOMBIEGAMEe\ZombieGame\ZOMBIEGAMEe\Source.cpp(1906,60): warning C4244: 'argument': conversion from 'int' to 'float', possible loss of data
E:\SFML Games\2D-Zombies\ZOMBIEGAMEe\ZombieGame\ZOMBIEGAMEe\Source.cpp(1906,41): warning C4244: 'argument': conversion from 'int' to 'float', possible loss of data
E:\SFML Games\2D-Zombies\ZOMBIEGAMEe\ZombieGame\ZOMBIEGAMEe\Source.cpp(2072,54): warning C4244: 'argument': conversion from 'int' to 'float', possible loss of data
E:\SFML Games\2D-Zombies\ZOMBIEGAMEe\ZombieGame\ZOMBIEGAMEe\Source.cpp(2072,45): warning C4244: 'argument': conversion from 'int' to 'float', possible loss of data
E:\SFML Games\2D-Zombies\ZOMBIEGAMEe\ZombieGame\ZOMBIEGAMEe\Source.cpp(2094,35): warning C4244: 'argument': conversion from 'int' to 'float', possible loss of data
E:\SFML Games\2D-Zombies\ZOMBIEGAMEe\ZombieGame\ZOMBIEGAMEe\Source.cpp(2101,35): warning C4244: 'argument': conversion from 'int' to 'float', possible loss of data
E:\SFML Games\2D-Zombies\ZOMBIEGAMEe\ZombieGame\ZOMBIEGAMEe\Source.cpp(2108,44): warning C4244: 'argument': conversion from 'int' to 'float', possible loss of data
E:\SFML Games\2D-Zombies\ZOMBIEGAMEe\ZombieGame\ZOMBIEGAMEe\Source.cpp(2115,53): warning C4244: 'argument': conversion from 'int' to 'float', possible loss of data
E:\SFML Games\2D-Zombies\ZOMBIEGAMEe\ZombieGame\ZOMBIEGAMEe\Source.cpp(2122,48): warning C4244: 'argument': conversion from 'int' to 'float', possible loss of data
E:\SFML Games\2D-Zombies\ZOMBIEGAMEe\ZombieGame\ZOMBIEGAMEe\Source.cpp(2160,54): warning C4244: 'argument': conversion from 'int' to 'float', possible loss of data
E:\SFML Games\2D-Zombies\ZOMBIEGAMEe\ZombieGame\ZOMBIEGAMEe\Source.cpp(2160,45): warning C4244: 'argument': conversion from 'int' to 'float', possible loss of data
E:\SFML Games\2D-Zombies\ZOMBIEGAMEe\ZombieGame\ZOMBIEGAMEe\Source.cpp(2180,32): warning C4244: 'argument': conversion from 'int' to 'float', possible loss of data
E:\SFML Games\2D-Zombies\ZOMBIEGAMEe\ZombieGame\ZOMBIEGAMEe\Source.cpp(2187,38): warning C4244: 'argument': conversion from 'int' to 'float', possible loss of data
E:\SFML Games\2D-Zombies\ZOMBIEGAMEe\ZombieGame\ZOMBIEGAMEe\Source.cpp(2194,35): warning C4244: 'argument': conversion from 'int' to 'float', possible loss of data
E:\SFML Games\2D-Zombies\ZOMBIEGAMEe\ZombieGame\ZOMBIEGAMEe\Source.cpp(2201,44): warning C4244: 'argument': conversion from 'int' to 'float', possible loss of data
E:\SFML Games\2D-Zombies\ZOMBIEGAMEe\ZombieGame\ZOMBIEGAMEe\Source.cpp(2261,54): warning C4244: 'argument': conversion from 'int' to 'float', possible loss of data
E:\SFML Games\2D-Zombies\ZOMBIEGAMEe\ZombieGame\ZOMBIEGAMEe\Source.cpp(2261,45): warning C4244: 'argument': conversion from 'int' to 'float', possible loss of data
E:\SFML Games\2D-Zombies\ZOMBIEGAMEe\ZombieGame\ZOMBIEGAMEe\Source.cpp(2284,33): warning C4244: 'argument': conversion from 'int' to 'float', possible loss of data
E:\SFML Games\2D-Zombies\ZOMBIEGAMEe\ZombieGame\ZOMBIEGAMEe\Source.cpp(2291,39): warning C4244: 'argument': conversion from 'int' to 'float', possible loss of data
E:\SFML Games\2D-Zombies\ZOMBIEGAMEe\ZombieGame\ZOMBIEGAMEe\Source.cpp(2298,36): warning C4244: 'argument': conversion from 'int' to 'float', possible loss of data
E:\SFML Games\2D-Zombies\ZOMBIEGAMEe\ZombieGame\ZOMBIEGAMEe\Source.cpp(2305,45): warning C4244: 'argument': conversion from 'int' to 'float', possible loss of data
E:\SFML Games\2D-Zombies\ZOMBIEGAMEe\ZombieGame\ZOMBIEGAMEe\Source.cpp(2381,39): warning C4244: 'argument': conversion from 'int' to 'float', possible loss of data
E:\SFML Games\2D-Zombies\ZOMBIEGAMEe\ZombieGame\ZOMBIEGAMEe\Source.cpp(2382,41): warning C4244: 'argument': conversion from 'int' to 'float', possible loss of data
E:\SFML Games\2D-Zombies\ZOMBIEGAMEe\ZombieGame\ZOMBIEGAMEe\Source.cpp(2385,47): warning C4244: 'argument': conversion from 'int' to 'float', possible loss of data
E:\SFML Games\2D-Zombies\ZOMBIEGAMEe\ZombieGame\ZOMBIEGAMEe\Source.cpp(2391,39): warning C4244: 'argument': conversion from 'int' to 'float', possible loss of data
E:\SFML Games\2D-Zombies\ZOMBIEGAMEe\ZombieGame\ZOMBIEGAMEe\Source.cpp(2392,35): warning C4244: 'argument': conversion from 'int' to 'float', possible loss of data
E:\SFML Games\2D-Zombies\ZOMBIEGAMEe\ZombieGame\ZOMBIEGAMEe\Source.cpp(2400,48): warning C4244: 'argument': conversion from 'int' to 'float', possible loss of data
E:\SFML Games\2D-Zombies\ZOMBIEGAMEe\ZombieGame\ZOMBIEGAMEe\Source.cpp(2401,55): warning C4244: 'argument': conversion from 'int' to 'float', possible loss of data
E:\SFML Games\2D-Zombies\ZOMBIEGAMEe\ZombieGame\ZOMBIEGAMEe\Source.cpp(2407,57): warning C4244: 'argument': conversion from 'int' to 'float', possible loss of data
E:\SFML Games\2D-Zombies\ZOMBIEGAMEe\ZombieGame\ZOMBIEGAMEe\Source.cpp(2408,63): warning C4244: 'argument': conversion from 'int' to 'float', possible loss of data
E:\SFML Games\2D-Zombies\ZOMBIEGAMEe\ZombieGame\ZOMBIEGAMEe\Source.cpp(2414,52): warning C4244: 'argument': conversion from 'int' to 'float', possible loss of data
E:\SFML Games\2D-Zombies\ZOMBIEGAMEe\ZombieGame\ZOMBIEGAMEe\Source.cpp(2415,58): warning C4244: 'argument': conversion from 'int' to 'float', possible loss of data
E:\SFML Games\2D-Zombies\ZOMBIEGAMEe\ZombieGame\ZOMBIEGAMEe\Source.cpp(2482,36): warning C4244: 'argument': conversion from 'int' to 'float', possible loss of data
E:\SFML Games\2D-Zombies\ZOMBIEGAMEe\ZombieGame\ZOMBIEGAMEe\Source.cpp(2488,42): warning C4244: 'argument': conversion from 'int' to 'float', possible loss of data
E:\SFML Games\2D-Zombies\ZOMBIEGAMEe\ZombieGame\ZOMBIEGAMEe\Source.cpp(2494,39): warning C4244: 'argument': conversion from 'int' to 'float', possible loss of data
E:\SFML Games\2D-Zombies\ZOMBIEGAMEe\ZombieGame\ZOMBIEGAMEe\Source.cpp(2500,48): warning C4244: 'argument': conversion from 'int' to 'float', possible loss of data
E:\SFML Games\2D-Zombies\ZOMBIEGAMEe\ZombieGame\ZOMBIEGAMEe\Source.cpp(2535,46): warning C4244: 'argument': conversion from 'int' to 'float', possible loss of data
E:\SFML Games\2D-Zombies\ZOMBIEGAMEe\ZombieGame\ZOMBIEGAMEe\Source.cpp(2538,47): warning C4244: 'argument': conversion from 'int' to 'float', possible loss of data
E:\SFML Games\2D-Zombies\ZOMBIEGAMEe\ZombieGame\ZOMBIEGAMEe\Source.cpp(2544,41): warning C4244: 'argument': conversion from 'int' to 'float', possible loss of data
E:\SFML Games\2D-Zombies\ZOMBIEGAMEe\ZombieGame\ZOMBIEGAMEe\Source.cpp(2553,41): warning C4244: 'argument': conversion from 'int' to 'float', possible loss of data
E:\SFML Games\2D-Zombies\ZOMBIEGAMEe\ZombieGame\ZOMBIEGAMEe\Source.cpp(2624,37): warning C4244: 'argument': conversion from 'int' to 'float', possible loss of data
E:\SFML Games\2D-Zombies\ZOMBIEGAMEe\ZombieGame\ZOMBIEGAMEe\Source.cpp(2630,43): warning C4244: 'argument': conversion from 'int' to 'float', possible loss of data
E:\SFML Games\2D-Zombies\ZOMBIEGAMEe\ZombieGame\ZOMBIEGAMEe\Source.cpp(2636,40): warning C4244: 'argument': conversion from 'int' to 'float', possible loss of data
E:\SFML Games\2D-Zombies\ZOMBIEGAMEe\ZombieGame\ZOMBIEGAMEe\Source.cpp(2642,49): warning C4244: 'argument': conversion from 'int' to 'float', possible loss of data
E:\SFML Games\2D-Zombies\ZOMBIEGAMEe\ZombieGame\ZOMBIEGAMEe\Source.cpp(2662,41): warning C4244: 'argument': conversion from 'int' to 'float', possible loss of data
E:\SFML Games\2D-Zombies\ZOMBIEGAMEe\ZombieGame\ZOMBIEGAMEe\Source.cpp(2668,46): warning C4244: 'argument': conversion from 'int' to 'float', possible loss of data
E:\SFML Games\2D-Zombies\ZOMBIEGAMEe\ZombieGame\ZOMBIEGAMEe\Source.cpp(2671,48): warning C4244: 'argument': conversion from 'int' to 'float', possible loss of data
E:\SFML Games\2D-Zombies\ZOMBIEGAMEe\ZombieGame\ZOMBIEGAMEe\Source.cpp(2676,41): warning C4244: 'argument': conversion from 'int' to 'float', possible loss of data
E:\SFML Games\2D-Zombies\ZOMBIEGAMEe\ZombieGame\ZOMBIEGAMEe\Source.cpp(2681,41): warning C4244: 'argument': conversion from 'int' to 'float', possible loss of data
E:\SFML Games\2D-Zombies\ZOMBIEGAMEe\ZombieGame\ZOMBIEGAMEe\Source.cpp(2788,118): warning C4244: 'argument': conversion from 'double' to 'float', possible loss of data
E:\SFML Games\2D-Zombies\ZOMBIEGAMEe\ZombieGame\ZOMBIEGAMEe\Source.cpp(2788,51): warning C4244: 'argument': conversion from 'double' to 'float', possible loss of data
E:\SFML Games\2D-Zombies\ZOMBIEGAMEe\ZombieGame\ZOMBIEGAMEe\Source.cpp(2796,112): warning C4244: 'argument': conversion from 'double' to 'float', possible loss of data
E:\SFML Games\2D-Zombies\ZOMBIEGAMEe\ZombieGame\ZOMBIEGAMEe\Source.cpp(2796,48): warning C4244: 'argument': conversion from 'double' to 'float', possible loss of data
E:\SFML Games\2D-Zombies\ZOMBIEGAMEe\ZombieGame\ZOMBIEGAMEe\Source.cpp(2804,120): warning C4244: 'argument': conversion from 'double' to 'float', possible loss of data
E:\SFML Games\2D-Zombies\ZOMBIEGAMEe\ZombieGame\ZOMBIEGAMEe\Source.cpp(2804,52): warning C4244: 'argument': conversion from 'double' to 'float', possible loss of data
E:\SFML Games\2D-Zombies\ZOMBIEGAMEe\ZombieGame\ZOMBIEGAMEe\Source.cpp(2812,118): warning C4244: 'argument': conversion from 'double' to 'float', possible loss of data
E:\SFML Games\2D-Zombies\ZOMBIEGAMEe\ZombieGame\ZOMBIEGAMEe\Source.cpp(2812,51): warning C4244: 'argument': conversion from 'double' to 'float', possible loss of data
E:\SFML Games\2D-Zombies\ZOMBIEGAMEe\ZombieGame\ZOMBIEGAMEe\Source.cpp(2820,120): warning C4244: 'argument': conversion from 'double' to 'float', possible loss of data
E:\SFML Games\2D-Zombies\ZOMBIEGAMEe\ZombieGame\ZOMBIEGAMEe\Source.cpp(2820,52): warning C4244: 'argument': conversion from 'double' to 'float', possible loss of data
E:\SFML Games\2D-Zombies\ZOMBIEGAMEe\ZombieGame\ZOMBIEGAMEe\Source.cpp(2936,58): warning C4244: 'argument': conversion from 'double' to 'T', possible loss of data
          with
          [
              T=float
          ]
E:\SFML Games\2D-Zombies\ZOMBIEGAMEe\ZombieGame\ZOMBIEGAMEe\Source.cpp(2963,44): warning C4305: 'argument': truncation from 'double' to 'T'
          with
          [
              T=float
          ]
E:\SFML Games\2D-Zombies\ZOMBIEGAMEe\ZombieGame\ZOMBIEGAMEe\Source.cpp(2988,39): warning C4305: 'argument': truncation from 'double' to 'T'
          with
          [
              T=float
          ]
E:\SFML Games\2D-Zombies\ZOMBIEGAMEe\ZombieGame\ZOMBIEGAMEe\Source.cpp(3087,64): warning C4244: 'argument': conversion from 'T' to 'T', possible loss of data
          with
          [
              T=float
          ]
          and
          [
              T=int
          ]
E:\SFML Games\2D-Zombies\ZOMBIEGAMEe\ZombieGame\ZOMBIEGAMEe\Source.cpp(3445,53): warning C4305: 'argument': truncation from 'double' to 'T'
          with
          [
              T=float
          ]
E:\SFML Games\2D-Zombies\ZOMBIEGAMEe\ZombieGame\ZOMBIEGAMEe\Source.cpp(3446,83): warning C4244: 'argument': conversion from 'double' to 'float', possible loss of data
E:\SFML Games\2D-Zombies\ZOMBIEGAMEe\ZombieGame\ZOMBIEGAMEe\Source.cpp(3446,52): warning C4244: 'argument': conversion from 'double' to 'float', possible loss of data
E:\SFML Games\2D-Zombies\ZOMBIEGAMEe\ZombieGame\ZOMBIEGAMEe\Source.cpp(3494,41): warning C4305: 'argument': truncation from 'double' to 'T'
          with
          [
              T=float
          ]
E:\SFML Games\2D-Zombies\ZOMBIEGAMEe\ZombieGame\ZOMBIEGAMEe\Source.cpp(3495,71): warning C4244: 'argument': conversion from 'double' to 'float', possible loss of data
E:\SFML Games\2D-Zombies\ZOMBIEGAMEe\ZombieGame\ZOMBIEGAMEe\Source.cpp(3495,40): warning C4244: 'argument': conversion from 'double' to 'float', possible loss of data
  ZOMBIEGAMEe.vcxproj -> E:\SFML Games\2D-Zombies\ZOMBIEGAMEe\ZombieGame\x64\Debug\ZOMBIEGAMEe.exe
